<?xml version="1.0" encoding="UTF-8"?>
<testsuite xmlns:xsi="http://www.w3.org/2001/XMLSchema-instance" xsi:noNamespaceSchemaLocation="https://maven.apache.org/surefire/maven-surefire-plugin/xsd/surefire-test-report.xsd" version="3.0.2" name="de.jan.czok.superdupermarkt.repository.CsvProductRepositoryTest" time="0.639" tests="1" errors="0" skipped="0" failures="0">
  <properties>
[...]
</properties>
  <testcase name="csvShouldLoadProductsSuccessfully" classname="de.jan.czok.superdupermarkt.repository.CsvProductRepositoryTest" time="0.294">
    <system-out><![CDATA[16:50:31.719 [main] INFO org.springframework.test.context.support.AnnotationConfigContextLoaderUtils -- Could not detect default configuration classes for test class [de.jan.czok.superdupermarkt.repository.CsvProductRepositoryTest]: CsvProductRepositoryTest does not declare any static, non-private, non-final, nested classes annotated with @Configuration.
16:50:31.754 [main] INFO org.springframework.boot.test.context.SpringBootTestContextBootstrapper -- Found @SpringBootConfiguration de.jan.czok.superdupermarkt.SuperDuperMarktApplication for test class de.jan.czok.superdupermarkt.repository.CsvProductRepositoryTest

  .   ____          _            __ _ _
 /\\ / ___'_ __ _ _(_)_ __  __ _ \ \ \ \
( ( )\___ | '_ | '_| | '_ \/ _` | \ \ \ \
 \\/  ___)| |_)| | | | | || (_| |  ) ) ) )
  '  |____| .__|_| |_|_| |_\__, | / / / /
 =========|_|==============|___/=/_/_/_/

 :: Spring Boot ::       (v4.0.0-SNAPSHOT)

2025-10-30T16:50:31.872+01:00  INFO 21729 --- [SuperDuperMarkt] [           main] d.j.c.s.r.CsvProductRepositoryTest       : Starting CsvProductRepositoryTest using Java 21.0.8 with PID 21729 (started by janczok in /Users/janczok/Downloads/superdupermarkt)
2025-10-30T16:50:31.873+01:00  INFO 21729 --- [SuperDuperMarkt] [           main] d.j.c.s.r.CsvProductRepositoryTest       : No active profile set, falling back to 1 default profile: "default"
2025-10-30T16:50:31.991+01:00  INFO 21729 --- [SuperDuperMarkt] [           main] d.j.c.s.r.CsvProductRepositoryTest       : Started CsvProductRepositoryTest in 0.196 seconds (process running for 0.554)
Starting SuperDuperMarkt simulation for 10 days.

CSV-Datei erfolgreich geladen: 4 Produkte.

==== Tag 0 — 2025-10-30 ====
Emmentaler | Preis: 5,50€ | Qualität: 35 | Entfernen: NEIN
Camembert | Preis: 5,50€ | Qualität: 40 | Entfernen: NEIN
Bordeaux | Preis: 10,00€ | Qualität: 20 | Entfernen: NEIN
Chianti | Preis: 12,00€ | Qualität: 48 | Entfernen: NEIN

==== Tag 1 — 2025-10-31 ====
Emmentaler | Preis: 5,40€ | Qualität: 34 | Entfernen: NEIN
Camembert | Preis: 5,40€ | Qualität: 39 | Entfernen: NEIN
Bordeaux | Preis: 10,00€ | Qualität: 20 | Entfernen: NEIN
Chianti | Preis: 12,00€ | Qualität: 48 | Entfernen: NEIN

==== Tag 2 — 2025-11-01 ====
Emmentaler | Preis: 5,30€ | Qualität: 33 | Entfernen: NEIN
Camembert | Preis: 5,30€ | Qualität: 38 | Entfernen: NEIN
Bordeaux | Preis: 10,00€ | Qualität: 20 | Entfernen: NEIN
Chianti | Preis: 12,00€ | Qualität: 48 | Entfernen: NEIN

==== Tag 3 — 2025-11-02 ====
Emmentaler | Preis: 5,20€ | Qualität: 32 | Entfernen: NEIN
Camembert | Preis: 5,20€ | Qualität: 37 | Entfernen: NEIN
Bordeaux | Preis: 10,00€ | Qualität: 20 | Entfernen: NEIN
Chianti | Preis: 12,00€ | Qualität: 48 | Entfernen: NEIN

==== Tag 4 — 2025-11-03 ====
Emmentaler | Preis: 5,10€ | Qualität: 31 | Entfernen: NEIN
Camembert | Preis: 5,10€ | Qualität: 36 | Entfernen: NEIN
Bordeaux | Preis: 10,00€ | Qualität: 20 | Entfernen: NEIN
Chianti | Preis: 12,00€ | Qualität: 48 | Entfernen: NEIN

==== Tag 5 — 2025-11-04 ====
Emmentaler | Preis: 5,00€ | Qualität: 30 | Entfernen: NEIN
Camembert | Preis: 5,00€ | Qualität: 35 | Entfernen: NEIN
Bordeaux | Preis: 10,00€ | Qualität: 20 | Entfernen: NEIN
Chianti | Preis: 12,00€ | Qualität: 48 | Entfernen: NEIN

==== Tag 6 — 2025-11-05 ====
Emmentaler | Preis: 4,90€ | Qualität: 29 | Entfernen: JA
Camembert | Preis: 4,90€ | Qualität: 34 | Entfernen: NEIN
Bordeaux | Preis: 10,00€ | Qualität: 20 | Entfernen: NEIN
Chianti | Preis: 12,00€ | Qualität: 48 | Entfernen: NEIN

==== Tag 7 — 2025-11-06 ====
Emmentaler | Preis: 4,80€ | Qualität: 28 | Entfernen: JA
Camembert | Preis: 4,80€ | Qualität: 33 | Entfernen: NEIN
Bordeaux | Preis: 10,00€ | Qualität: 20 | Entfernen: NEIN
Chianti | Preis: 12,00€ | Qualität: 48 | Entfernen: NEIN

==== Tag 8 — 2025-11-07 ====
Emmentaler | Preis: 4,70€ | Qualität: 27 | Entfernen: JA
Camembert | Preis: 4,70€ | Qualität: 32 | Entfernen: NEIN
Bordeaux | Preis: 10,00€ | Qualität: 20 | Entfernen: NEIN
Chianti | Preis: 12,00€ | Qualität: 48 | Entfernen: NEIN

==== Tag 9 — 2025-11-08 ====
Emmentaler | Preis: 4,60€ | Qualität: 26 | Entfernen: JA
Camembert | Preis: 4,60€ | Qualität: 31 | Entfernen: NEIN
Bordeaux | Preis: 10,00€ | Qualität: 20 | Entfernen: NEIN
Chianti | Preis: 12,00€ | Qualität: 48 | Entfernen: NEIN

==== Tag 10 — 2025-11-09 ====
Emmentaler | Preis: 4,50€ | Qualität: 25 | Entfernen: JA
Camembert | Preis: 4,50€ | Qualität: 30 | Entfernen: NEIN
Bordeaux | Preis: 10,00€ | Qualität: 21 | Entfernen: NEIN
Chianti | Preis: 12,00€ | Qualität: 49 | Entfernen: NEIN


Simulation finished.
]]></system-out>
    <system-err><![CDATA[Mockito is currently self-attaching to enable the inline-mock-maker. This will no longer work in future releases of the JDK. Please add Mockito as an agent to your build as described in Mockito's documentation: https://javadoc.io/doc/org.mockito/mockito-core/latest/org.mockito/org/mockito/Mockito.html#0.3
WARNING: A Java agent has been loaded dynamically (/Users/janczok/.m2/repository/net/bytebuddy/byte-buddy-agent/1.17.8/byte-buddy-agent-1.17.8.jar)
WARNING: If a serviceability tool is in use, please run with -XX:+EnableDynamicAgentLoading to hide this warning
WARNING: If a serviceability tool is not in use, please run with -Djdk.instrument.traceUsage for more information
WARNING: Dynamic loading of agents will be disallowed by default in a future release
]]></system-err>
  </testcase>
</testsuite>